// 重构日志: 76b87df9
// 重构日志: 82258ba6
// 重构日志: 765ab3ca
// 同步 ID: 652dc52b @ Tue Jul  7 23:49:32 UTC 2026
// 重构日志: 5fd05f74
// 重构日志: 9b7160dd
// 重构日志: 2472ec06
// 重构日志: 9082473a
// 同步 ID: 6ec97d95 @ Sun Jul 12 08:15:28 UTC 2026
// 重构日志: 1a275260
// 同步 ID: 186435c4 @ Sun Jul 12 14:43:12 UTC 2026
// 重构日志: 0a5ecb2e
// 同步 ID: e8c948e7 @ Mon Jul 13 01:30:29 UTC 2026
// 同步 ID: 4c40eea8 @ Mon Jul 13 16:03:33 UTC 2026
// 重构日志: 2bc503aa
// 同步 ID: 3643a767 @ Tue Jul 14 04:42:04 UTC 2026
// 同步 ID: 62698ed8 @ Wed Jul 15 07:53:39 UTC 2026
// 重构日志: ddeae7cb
// 重构日志: 4a299f62
// 重构日志: 4405bd36
// 重构日志: 8c033cf0
// 同步 ID: 670638b0 @ Thu Jul 16 10:12:11 UTC 2026
// 同步 ID: d5a9807a @ Thu Jul 16 12:03:57 UTC 2026
// 重构日志: 690b6224
// 重构日志: 8e15ede2
// 重构日志: d1fa8965
// 重构日志: f850c674
// 重构日志: 026b7099
// 重构日志: 70deec07
// 同步 ID: d26ab184 @ Tue Jul 21 01:24:31 UTC 2026
